#-----------------------------------------------------------
# Vivado v2018.3 (64-bit)
# SW Build 2405991 on Thu Dec  6 23:38:27 MST 2018
# IP Build 2404404 on Fri Dec  7 01:43:56 MST 2018
# Start of session at: Wed Oct 26 13:06:52 2022
# Process ID: 12080
# Current directory: C:/Users/ahmet/Projects/Vivado/sstu/sstu_deney_2
# Command line: vivado.exe -gui_launcher_event rodinguilauncherevent14848 C:\Users\ahmet\Projects\Vivado\sstu\sstu_deney_2\sstu_deney_2.xpr
# Log file: C:/Users/ahmet/Projects/Vivado/sstu/sstu_deney_2/vivado.log
# Journal file: C:/Users/ahmet/Projects/Vivado/sstu/sstu_deney_2\vivado.jou
#-----------------------------------------------------------
start_gui
open_project C:/Users/ahmet/Projects/Vivado/sstu/sstu_deney_2/sstu_deney_2.xpr
Scanning sources...
Finished scanning sources
INFO: [IP_Flow 19-234] Refreshing IP repositories
INFO: [IP_Flow 19-1704] No user IP repositories specified
INFO: [IP_Flow 19-2313] Loaded Vivado IP repository 'C:/Xilinx/Vivado/2018.3/data/ip'.
open_project: Time (s): cpu = 00:00:13 ; elapsed = 00:00:07 . Memory (MB): peak = 725.703 ; gain = 112.562
update_compile_order -fileset sources_1
set_property SOURCE_SET sources_1 [get_filesets sim_1]
close [ open C:/Users/ahmet/Projects/Vivado/sstu/sstu_deney_2/sstu_deney_2.srcs/sim_1/new/decoder_tb.v w ]
add_files -fileset sim_1 C:/Users/ahmet/Projects/Vivado/sstu/sstu_deney_2/sstu_deney_2.srcs/sim_1/new/decoder_tb.v
update_compile_order -fileset sim_1
exit
INFO: [Common 17-206] Exiting Vivado at Wed Oct 26 13:09:36 2022...
